Started GET "/" for ::1 at 2019-11-04 00:50:10 +0900
Processing by Rails::WelcomeController#index as HTML
  Rendering /Users/sera/.rbenv/versions/2.3.1/lib/ruby/gems/2.3.0/gems/railties-5.2.3/lib/rails/templates/rails/welcome/index.html.erb
  Rendered /Users/sera/.rbenv/versions/2.3.1/lib/ruby/gems/2.3.0/gems/railties-5.2.3/lib/rails/templates/rails/welcome/index.html.erb (18.3ms)
Completed 200 OK in 46ms (Views: 37.6ms | ActiveRecord: 0.0ms)


Started GET "/" for ::1 at 2019-11-04 00:55:23 +0900
Processing by Rails::WelcomeController#index as HTML
  Rendering vendor/bundle/ruby/2.3.0/gems/railties-5.2.3/lib/rails/templates/rails/welcome/index.html.erb
  Rendered vendor/bundle/ruby/2.3.0/gems/railties-5.2.3/lib/rails/templates/rails/welcome/index.html.erb (24.3ms)
Completed 200 OK in 69ms (Views: 60.1ms | ActiveRecord: 0.0ms)


Started GET "/" for ::1 at 2019-11-04 00:58:14 +0900
Processing by Rails::WelcomeController#index as HTML
  Rendering vendor/bundle/ruby/2.3.0/gems/railties-5.2.3/lib/rails/templates/rails/welcome/index.html.erb
  Rendered vendor/bundle/ruby/2.3.0/gems/railties-5.2.3/lib/rails/templates/rails/welcome/index.html.erb (5.4ms)
Completed 200 OK in 14ms (Views: 10.1ms | ActiveRecord: 0.0ms)


  [1m[35m (0.5ms)[0m  [1m[34mSELECT sqlite_version(*)[0m
  â†³ vendor/bundle/ruby/2.3.0/bin/rake:23
  [1m[35m (5.4ms)[0m  [1m[35mCREATE TABLE "schema_migrations" ("version" varchar NOT NULL PRIMARY KEY)[0m
  â†³ vendor/bundle/ruby/2.3.0/bin/rake:23
  [1m[35m (1.5ms)[0m  [1m[35mCREATE TABLE "ar_internal_metadata" ("key" varchar NOT NULL PRIMARY KEY, "value" varchar, "created_at" datetime NOT NULL, "updated_at" datetime NOT NULL)[0m
  â†³ vendor/bundle/ruby/2.3.0/bin/rake:23
  [1m[35m (0.4ms)[0m  [1m[34mSELECT "schema_migrations"."version" FROM "schema_migrations" ORDER BY "schema_migrations"."version" ASC[0m
  â†³ vendor/bundle/ruby/2.3.0/bin/rake:23
Migrating to CreateUsers (20191103160355)
  [1m[35m (0.1ms)[0m  [1m[36mbegin transaction[0m
  â†³ vendor/bundle/ruby/2.3.0/bin/rake:23
  [1m[35m (0.6ms)[0m  [1m[35mCREATE TABLE "users" ("id" integer PRIMARY KEY AUTOINCREMENT NOT NULL, "first_name" varchar, "last_name" varchar, "grade" integer, "gender" boolean, "created_at" datetime NOT NULL, "updated_at" datetime NOT NULL)[0m
  â†³ db/migrate/20191103160355_create_users.rb:3
  [1m[36mActiveRecord::SchemaMigration Create (0.3ms)[0m  [1m[32mINSERT INTO "schema_migrations" ("version") VALUES (?)[0m  [["version", "20191103160355"]]
  â†³ vendor/bundle/ruby/2.3.0/bin/rake:23
  [1m[35m (1.6ms)[0m  [1m[36mcommit transaction[0m
  â†³ vendor/bundle/ruby/2.3.0/bin/rake:23
  [1m[36mActiveRecord::InternalMetadata Load (0.3ms)[0m  [1m[34mSELECT  "ar_internal_metadata".* FROM "ar_internal_metadata" WHERE "ar_internal_metadata"."key" = ? LIMIT ?[0m  [["key", "environment"], ["LIMIT", 1]]
  â†³ vendor/bundle/ruby/2.3.0/bin/rake:23
  [1m[35m (0.1ms)[0m  [1m[36mbegin transaction[0m
  â†³ vendor/bundle/ruby/2.3.0/bin/rake:23
  [1m[36mActiveRecord::InternalMetadata Create (0.5ms)[0m  [1m[32mINSERT INTO "ar_internal_metadata" ("key", "value", "created_at", "updated_at") VALUES (?, ?, ?, ?)[0m  [["key", "environment"], ["value", "development"], ["created_at", "2019-11-03 16:04:26.010467"], ["updated_at", "2019-11-03 16:04:26.010467"]]
  â†³ vendor/bundle/ruby/2.3.0/bin/rake:23
  [1m[35m (1.3ms)[0m  [1m[36mcommit transaction[0m
  â†³ vendor/bundle/ruby/2.3.0/bin/rake:23
  [1m[35m (0.2ms)[0m  [1m[34mSELECT "schema_migrations"."version" FROM "schema_migrations" ORDER BY "schema_migrations"."version" ASC[0m
  â†³ vendor/bundle/ruby/2.3.0/bin/rake:23
Started GET "/new" for ::1 at 2019-11-04 01:04:56 +0900
  [1m[35m (0.7ms)[0m  [1m[34mSELECT "schema_migrations"."version" FROM "schema_migrations" ORDER BY "schema_migrations"."version" ASC[0m
  â†³ vendor/bundle/ruby/2.3.0/gems/activerecord-5.2.3/lib/active_record/log_subscriber.rb:98
  
ActionController::RoutingError (No route matches [GET] "/new"):
  
vendor/bundle/ruby/2.3.0/gems/actionpack-5.2.3/lib/action_dispatch/middleware/debug_exceptions.rb:65:in `call'
vendor/bundle/ruby/2.3.0/gems/web-console-3.7.0/lib/web_console/middleware.rb:135:in `call_app'
vendor/bundle/ruby/2.3.0/gems/web-console-3.7.0/lib/web_console/middleware.rb:30:in `block in call'
vendor/bundle/ruby/2.3.0/gems/web-console-3.7.0/lib/web_console/middleware.rb:20:in `catch'
vendor/bundle/ruby/2.3.0/gems/web-console-3.7.0/lib/web_console/middleware.rb:20:in `call'
vendor/bundle/ruby/2.3.0/gems/actionpack-5.2.3/lib/action_dispatch/middleware/show_exceptions.rb:33:in `call'
vendor/bundle/ruby/2.3.0/gems/railties-5.2.3/lib/rails/rack/logger.rb:38:in `call_app'
vendor/bundle/ruby/2.3.0/gems/railties-5.2.3/lib/rails/rack/logger.rb:26:in `block in call'
vendor/bundle/ruby/2.3.0/gems/activesupport-5.2.3/lib/active_support/tagged_logging.rb:71:in `block in tagged'
vendor/bundle/ruby/2.3.0/gems/activesupport-5.2.3/lib/active_support/tagged_logging.rb:28:in `tagged'
vendor/bundle/ruby/2.3.0/gems/activesupport-5.2.3/lib/active_support/tagged_logging.rb:71:in `tagged'
vendor/bundle/ruby/2.3.0/gems/railties-5.2.3/lib/rails/rack/logger.rb:26:in `call'
vendor/bundle/ruby/2.3.0/gems/sprockets-rails-3.2.1/lib/sprockets/rails/quiet_assets.rb:13:in `call'
vendor/bundle/ruby/2.3.0/gems/actionpack-5.2.3/lib/action_dispatch/middleware/remote_ip.rb:81:in `call'
vendor/bundle/ruby/2.3.0/gems/actionpack-5.2.3/lib/action_dispatch/middleware/request_id.rb:27:in `call'
vendor/bundle/ruby/2.3.0/gems/rack-2.0.7/lib/rack/method_override.rb:22:in `call'
vendor/bundle/ruby/2.3.0/gems/rack-2.0.7/lib/rack/runtime.rb:22:in `call'
vendor/bundle/ruby/2.3.0/gems/activesupport-5.2.3/lib/active_support/cache/strategy/local_cache_middleware.rb:29:in `call'
vendor/bundle/ruby/2.3.0/gems/actionpack-5.2.3/lib/action_dispatch/middleware/executor.rb:14:in `call'
vendor/bundle/ruby/2.3.0/gems/actionpack-5.2.3/lib/action_dispatch/middleware/static.rb:127:in `call'
vendor/bundle/ruby/2.3.0/gems/rack-2.0.7/lib/rack/sendfile.rb:111:in `call'
vendor/bundle/ruby/2.3.0/gems/railties-5.2.3/lib/rails/engine.rb:524:in `call'
vendor/bundle/ruby/2.3.0/gems/puma-3.12.1/lib/puma/configuration.rb:227:in `call'
vendor/bundle/ruby/2.3.0/gems/puma-3.12.1/lib/puma/server.rb:660:in `handle_request'
vendor/bundle/ruby/2.3.0/gems/puma-3.12.1/lib/puma/server.rb:474:in `process_client'
vendor/bundle/ruby/2.3.0/gems/puma-3.12.1/lib/puma/server.rb:334:in `block in run'
vendor/bundle/ruby/2.3.0/gems/puma-3.12.1/lib/puma/thread_pool.rb:135:in `block in spawn_thread'
Started GET "/" for ::1 at 2019-11-04 01:05:14 +0900
Processing by Rails::WelcomeController#index as HTML
  Rendering vendor/bundle/ruby/2.3.0/gems/railties-5.2.3/lib/rails/templates/rails/welcome/index.html.erb
  Rendered vendor/bundle/ruby/2.3.0/gems/railties-5.2.3/lib/rails/templates/rails/welcome/index.html.erb (4.3ms)
Completed 200 OK in 14ms (Views: 9.1ms | ActiveRecord: 0.0ms)


Started GET "/users" for ::1 at 2019-11-04 01:05:28 +0900
Processing by UsersController#index as HTML
  Rendering users/index.html.erb within layouts/application
  [1m[36mUser Load (0.9ms)[0m  [1m[34mSELECT "users".* FROM "users"[0m
  â†³ app/views/users/index.html.erb:17
  Rendered users/index.html.erb within layouts/application (7.8ms)
Completed 200 OK in 1287ms (Views: 1276.4ms | ActiveRecord: 1.8ms)


Started GET "/users/new" for ::1 at 2019-11-04 01:05:32 +0900
Processing by UsersController#new as HTML
  Rendering users/new.html.erb within layouts/application
  Rendered users/_form.html.erb (32.6ms)
  Rendered users/new.html.erb within layouts/application (35.7ms)
Completed 200 OK in 78ms (Views: 64.7ms | ActiveRecord: 0.8ms)


Started GET "/users/new" for ::1 at 2019-11-04 01:07:19 +0900
Processing by UsersController#new as HTML
  Rendering users/new.html.erb within layouts/application
  Rendered users/_form.html.erb (15.8ms)
  Rendered users/new.html.erb within layouts/application (43.0ms)
Completed 200 OK in 348ms (Views: 339.0ms | ActiveRecord: 0.0ms)


Started GET "/users/new" for ::1 at 2019-11-04 01:07:32 +0900
Processing by UsersController#new as HTML
  Rendering users/new.html.erb within layouts/application
  Rendered users/_form.html.erb (9.0ms)
  Rendered users/new.html.erb within layouts/application (13.0ms)
Completed 200 OK in 52ms (Views: 50.5ms | ActiveRecord: 0.0ms)


Started GET "/users/new" for ::1 at 2019-11-04 01:08:34 +0900
Processing by UsersController#new as HTML
  Rendering users/new.html.erb within layouts/application
  Rendered users/_form.html.erb (7.0ms)
  Rendered users/new.html.erb within layouts/application (9.8ms)
Completed 200 OK in 60ms (Views: 55.9ms | ActiveRecord: 0.0ms)


Started GET "/users/new" for ::1 at 2019-11-04 01:09:07 +0900
Processing by UsersController#new as HTML
  Rendering users/new.html.erb within layouts/application
  Rendered users/_form.html.erb (8.0ms)
  Rendered users/new.html.erb within layouts/application (11.7ms)
Completed 200 OK in 58ms (Views: 54.7ms | ActiveRecord: 0.0ms)


Started GET "/users/new" for ::1 at 2019-11-04 01:09:34 +0900
Processing by UsersController#new as HTML
  Rendering users/new.html.erb within layouts/application
  Rendered users/_form.html.erb (12.8ms)
  Rendered users/new.html.erb within layouts/application (18.0ms)
Completed 200 OK in 66ms (Views: 63.1ms | ActiveRecord: 0.0ms)


Started GET "/users/new" for ::1 at 2019-11-04 01:09:41 +0900
Processing by UsersController#new as HTML
  Rendering users/new.html.erb within layouts/application
  Rendered users/_form.html.erb (4.5ms)
  Rendered users/new.html.erb within layouts/application (7.1ms)
Completed 200 OK in 43ms (Views: 40.2ms | ActiveRecord: 0.0ms)


  [1m[35m (0.2ms)[0m  [1m[34mSELECT "schema_migrations"."version" FROM "schema_migrations" ORDER BY "schema_migrations"."version" ASC[0m
  â†³ vendor/bundle/ruby/2.3.0/bin/rake:23
  [1m[36mActiveRecord::InternalMetadata Load (0.2ms)[0m  [1m[34mSELECT  "ar_internal_metadata".* FROM "ar_internal_metadata" WHERE "ar_internal_metadata"."key" = ? LIMIT ?[0m  [["key", "environment"], ["LIMIT", 1]]
  â†³ vendor/bundle/ruby/2.3.0/bin/rake:23
  [1m[35m (0.1ms)[0m  [1m[36mbegin transaction[0m
  â†³ vendor/bundle/ruby/2.3.0/bin/rake:23
  [1m[35m (0.1ms)[0m  [1m[36mcommit transaction[0m
  â†³ vendor/bundle/ruby/2.3.0/bin/rake:23
  [1m[35m (0.1ms)[0m  [1m[34mSELECT "schema_migrations"."version" FROM "schema_migrations" ORDER BY "schema_migrations"."version" ASC[0m
  â†³ vendor/bundle/ruby/2.3.0/bin/rake:23
  [1m[35m (0.2ms)[0m  [1m[34mSELECT "schema_migrations"."version" FROM "schema_migrations" ORDER BY "schema_migrations"."version" ASC[0m
  â†³ vendor/bundle/ruby/2.3.0/bin/rake:23
  [1m[36mActiveRecord::InternalMetadata Load (0.3ms)[0m  [1m[34mSELECT  "ar_internal_metadata".* FROM "ar_internal_metadata" WHERE "ar_internal_metadata"."key" = ? LIMIT ?[0m  [["key", "environment"], ["LIMIT", 1]]
  â†³ vendor/bundle/ruby/2.3.0/bin/rake:23
  [1m[35m (0.1ms)[0m  [1m[36mbegin transaction[0m
  â†³ vendor/bundle/ruby/2.3.0/bin/rake:23
  [1m[35m (0.0ms)[0m  [1m[36mcommit transaction[0m
  â†³ vendor/bundle/ruby/2.3.0/bin/rake:23
  [1m[35m (0.1ms)[0m  [1m[34mSELECT "schema_migrations"."version" FROM "schema_migrations" ORDER BY "schema_migrations"."version" ASC[0m
  â†³ vendor/bundle/ruby/2.3.0/bin/rake:23
Started GET "/users/new" for ::1 at 2019-11-04 01:13:45 +0900
  [1m[35m (0.3ms)[0m  [1m[34mSELECT "schema_migrations"."version" FROM "schema_migrations" ORDER BY "schema_migrations"."version" ASC[0m
  â†³ vendor/bundle/ruby/2.3.0/gems/activerecord-5.2.3/lib/active_record/log_subscriber.rb:98
Processing by UsersController#new as HTML
  Rendering users/new.html.erb within layouts/application
  Rendered users/_form.html.erb (7.1ms)
  Rendered users/new.html.erb within layouts/application (17.9ms)
Completed 200 OK in 102ms (Views: 57.7ms | ActiveRecord: 1.4ms)


  [1m[35m (0.2ms)[0m  [1m[34mSELECT "schema_migrations"."version" FROM "schema_migrations" ORDER BY "schema_migrations"."version" ASC[0m
  â†³ vendor/bundle/ruby/2.3.0/bin/rake:23
  [1m[36mActiveRecord::InternalMetadata Load (0.2ms)[0m  [1m[34mSELECT  "ar_internal_metadata".* FROM "ar_internal_metadata" WHERE "ar_internal_metadata"."key" = ? LIMIT ?[0m  [["key", "environment"], ["LIMIT", 1]]
  â†³ vendor/bundle/ruby/2.3.0/bin/rake:23
  [1m[35m (0.1ms)[0m  [1m[36mbegin transaction[0m
  â†³ vendor/bundle/ruby/2.3.0/bin/rake:23
  [1m[35m (0.0ms)[0m  [1m[36mcommit transaction[0m
  â†³ vendor/bundle/ruby/2.3.0/bin/rake:23
  [1m[35m (0.2ms)[0m  [1m[34mSELECT "schema_migrations"."version" FROM "schema_migrations" ORDER BY "schema_migrations"."version" ASC[0m
  â†³ vendor/bundle/ruby/2.3.0/bin/rake:23
Started GET "/" for ::1 at 2019-11-04 01:15:44 +0900
Processing by Rails::WelcomeController#index as HTML
  Rendering vendor/bundle/ruby/2.3.0/gems/railties-5.2.3/lib/rails/templates/rails/welcome/index.html.erb
  Rendered vendor/bundle/ruby/2.3.0/gems/railties-5.2.3/lib/rails/templates/rails/welcome/index.html.erb (6.1ms)
Completed 200 OK in 16ms (Views: 10.6ms | ActiveRecord: 0.0ms)


  [1m[35m (0.7ms)[0m  [1m[34mSELECT "schema_migrations"."version" FROM "schema_migrations" ORDER BY "schema_migrations"."version" ASC[0m
  â†³ vendor/bundle/ruby/2.3.0/bin/rake:23
  [1m[36mActiveRecord::InternalMetadata Load (1.2ms)[0m  [1m[34mSELECT  "ar_internal_metadata".* FROM "ar_internal_metadata" WHERE "ar_internal_metadata"."key" = ? LIMIT ?[0m  [["key", "environment"], ["LIMIT", 1]]
  â†³ vendor/bundle/ruby/2.3.0/bin/rake:23
  [1m[35m (0.1ms)[0m  [1m[36mbegin transaction[0m
  â†³ vendor/bundle/ruby/2.3.0/bin/rake:23
  [1m[35m (0.1ms)[0m  [1m[36mcommit transaction[0m
  â†³ vendor/bundle/ruby/2.3.0/bin/rake:23
  [1m[35m (0.1ms)[0m  [1m[34mSELECT "schema_migrations"."version" FROM "schema_migrations" ORDER BY "schema_migrations"."version" ASC[0m
  â†³ vendor/bundle/ruby/2.3.0/bin/rake:23
  [1m[35m (0.7ms)[0m  [1m[34mSELECT "schema_migrations"."version" FROM "schema_migrations" ORDER BY "schema_migrations"."version" ASC[0m
  â†³ vendor/bundle/ruby/2.3.0/bin/rake:23
Migrating to UserChange (20191103162525)
  [1m[35m (0.1ms)[0m  [1m[36mbegin transaction[0m
  â†³ vendor/bundle/ruby/2.3.0/bin/rake:23
  [1m[35m (0.1ms)[0m  [1m[34mSELECT sqlite_version(*)[0m
  â†³ db/migrate/20191103162525_user_change.rb:3
  [1m[35m (0.7ms)[0m  [1m[35mCREATE TEMPORARY TABLE "ausers" ("id" integer NOT NULL PRIMARY KEY, "first_name" varchar DEFAULT NULL, "last_name" varchar DEFAULT NULL, "grade" integer DEFAULT NULL, "male" boolean DEFAULT NULL, "created_at" datetime NOT NULL, "updated_at" datetime NOT NULL)[0m
  â†³ db/migrate/20191103162525_user_change.rb:3
  [1m[35m (0.5ms)[0m  [1m[32mINSERT INTO "ausers" ("id","first_name","last_name","grade","male","created_at","updated_at")
                     SELECT "id","first_name","last_name","grade","gender","created_at","updated_at" FROM "users"[0m
  â†³ db/migrate/20191103162525_user_change.rb:3
  [1m[35m (1.5ms)[0m  [1m[35mDROP TABLE "users"[0m
  â†³ db/migrate/20191103162525_user_change.rb:3
  [1m[35m (0.2ms)[0m  [1m[35mCREATE TABLE "users" ("id" integer NOT NULL PRIMARY KEY, "first_name" varchar DEFAULT NULL, "last_name" varchar DEFAULT NULL, "grade" integer DEFAULT NULL, "male" boolean DEFAULT NULL, "created_at" datetime NOT NULL, "updated_at" datetime NOT NULL)[0m
  â†³ db/migrate/20191103162525_user_change.rb:3
  [1m[35m (0.1ms)[0m  [1m[32mINSERT INTO "users" ("id","first_name","last_name","grade","male","created_at","updated_at")
                     SELECT "id","first_name","last_name","grade","male","created_at","updated_at" FROM "ausers"[0m
  â†³ db/migrate/20191103162525_user_change.rb:3
  [1m[35m (0.1ms)[0m  [1m[35mDROP TABLE "ausers"[0m
  â†³ db/migrate/20191103162525_user_change.rb:3
  [1m[36mActiveRecord::SchemaMigration Create (0.6ms)[0m  [1m[32mINSERT INTO "schema_migrations" ("version") VALUES (?)[0m  [["version", "20191103162525"]]
  â†³ vendor/bundle/ruby/2.3.0/bin/rake:23
  [1m[35m (2.1ms)[0m  [1m[36mcommit transaction[0m
  â†³ vendor/bundle/ruby/2.3.0/bin/rake:23
  [1m[36mActiveRecord::InternalMetadata Load (1.1ms)[0m  [1m[34mSELECT  "ar_internal_metadata".* FROM "ar_internal_metadata" WHERE "ar_internal_metadata"."key" = ? LIMIT ?[0m  [["key", "environment"], ["LIMIT", 1]]
  â†³ vendor/bundle/ruby/2.3.0/bin/rake:23
  [1m[35m (0.1ms)[0m  [1m[36mbegin transaction[0m
  â†³ vendor/bundle/ruby/2.3.0/bin/rake:23
  [1m[35m (0.0ms)[0m  [1m[36mcommit transaction[0m
  â†³ vendor/bundle/ruby/2.3.0/bin/rake:23
  [1m[35m (0.5ms)[0m  [1m[34mSELECT "schema_migrations"."version" FROM "schema_migrations" ORDER BY "schema_migrations"."version" ASC[0m
  â†³ vendor/bundle/ruby/2.3.0/bin/rake:23
Started GET "/" for ::1 at 2019-11-04 01:30:58 +0900
  [1m[35m (0.7ms)[0m  [1m[34mSELECT "schema_migrations"."version" FROM "schema_migrations" ORDER BY "schema_migrations"."version" ASC[0m
  â†³ vendor/bundle/ruby/2.3.0/gems/activerecord-5.2.3/lib/active_record/log_subscriber.rb:98
Processing by Rails::WelcomeController#index as HTML
  Rendering vendor/bundle/ruby/2.3.0/gems/railties-5.2.3/lib/rails/templates/rails/welcome/index.html.erb
  Rendered vendor/bundle/ruby/2.3.0/gems/railties-5.2.3/lib/rails/templates/rails/welcome/index.html.erb (12.6ms)
Completed 200 OK in 31ms (Views: 23.9ms | ActiveRecord: 0.0ms)


Started GET "/users" for ::1 at 2019-11-04 01:31:02 +0900
Processing by UsersController#index as HTML
  Rendering users/index.html.erb within layouts/application
  [1m[36mUser Load (0.6ms)[0m  [1m[34mSELECT "users".* FROM "users"[0m
  â†³ app/views/users/index.html.erb:17
  Rendered users/index.html.erb within layouts/application (5.2ms)
Completed 200 OK in 55ms (Views: 48.5ms | ActiveRecord: 1.2ms)


Started GET "/users/new" for ::1 at 2019-11-04 01:31:05 +0900
Processing by UsersController#new as HTML
  Rendering users/new.html.erb within layouts/application
  Rendered users/_form.html.erb (4.8ms)
  Rendered users/new.html.erb within layouts/application (8.0ms)
Completed 200 OK in 55ms (Views: 42.4ms | ActiveRecord: 0.4ms)


  [1m[35m (0.2ms)[0m  [1m[34mSELECT "schema_migrations"."version" FROM "schema_migrations" ORDER BY "schema_migrations"."version" ASC[0m
  â†³ vendor/bundle/ruby/2.3.0/bin/rake:23
  [1m[36mActiveRecord::InternalMetadata Load (1.3ms)[0m  [1m[34mSELECT  "ar_internal_metadata".* FROM "ar_internal_metadata" WHERE "ar_internal_metadata"."key" = ? LIMIT ?[0m  [["key", "environment"], ["LIMIT", 1]]
  â†³ vendor/bundle/ruby/2.3.0/bin/rake:23
  [1m[35m (0.1ms)[0m  [1m[36mbegin transaction[0m
  â†³ vendor/bundle/ruby/2.3.0/bin/rake:23
  [1m[35m (0.1ms)[0m  [1m[36mcommit transaction[0m
  â†³ vendor/bundle/ruby/2.3.0/bin/rake:23
  [1m[35m (0.1ms)[0m  [1m[34mSELECT "schema_migrations"."version" FROM "schema_migrations" ORDER BY "schema_migrations"."version" ASC[0m
  â†³ vendor/bundle/ruby/2.3.0/bin/rake:23
  [1m[35m (0.7ms)[0m  [1m[34mSELECT "schema_migrations"."version" FROM "schema_migrations" ORDER BY "schema_migrations"."version" ASC[0m
  â†³ vendor/bundle/ruby/2.3.0/bin/rake:23
Migrating to Userchange (20191103164137)
  [1m[35m (0.1ms)[0m  [1m[36mbegin transaction[0m
  â†³ vendor/bundle/ruby/2.3.0/bin/rake:23
  [1m[35m (0.1ms)[0m  [1m[34mSELECT sqlite_version(*)[0m
  â†³ db/migrate/20191103164137_userchange.rb:3
  [1m[35m (0.4ms)[0m  [1m[35mCREATE TEMPORARY TABLE "ausers" ("id" integer NOT NULL PRIMARY KEY, "first_name" varchar DEFAULT NULL, "last_name" varchar DEFAULT NULL, "grade" integer DEFAULT NULL, "gender" boolean DEFAULT NULL, "created_at" datetime NOT NULL, "updated_at" datetime NOT NULL)[0m
  â†³ db/migrate/20191103164137_userchange.rb:3
  [1m[35m (0.6ms)[0m  [1m[32mINSERT INTO "ausers" ("id","first_name","last_name","grade","gender","created_at","updated_at")
                     SELECT "id","first_name","last_name","grade","male","created_at","updated_at" FROM "users"[0m
  â†³ db/migrate/20191103164137_userchange.rb:3
  [1m[35m (0.5ms)[0m  [1m[35mDROP TABLE "users"[0m
  â†³ db/migrate/20191103164137_userchange.rb:3
  [1m[35m (0.2ms)[0m  [1m[35mCREATE TABLE "users" ("id" integer NOT NULL PRIMARY KEY, "first_name" varchar DEFAULT NULL, "last_name" varchar DEFAULT NULL, "grade" integer DEFAULT NULL, "gender" boolean DEFAULT NULL, "created_at" datetime NOT NULL, "updated_at" datetime NOT NULL)[0m
  â†³ db/migrate/20191103164137_userchange.rb:3
  [1m[35m (0.1ms)[0m  [1m[32mINSERT INTO "users" ("id","first_name","last_name","grade","gender","created_at","updated_at")
                     SELECT "id","first_name","last_name","grade","gender","created_at","updated_at" FROM "ausers"[0m
  â†³ db/migrate/20191103164137_userchange.rb:3
  [1m[35m (0.2ms)[0m  [1m[35mDROP TABLE "ausers"[0m
  â†³ db/migrate/20191103164137_userchange.rb:3
  [1m[35m (0.2ms)[0m  [1m[35mCREATE TEMPORARY TABLE "ausers" ("id" integer NOT NULL PRIMARY KEY, "first_name" varchar DEFAULT NULL, "last_name" varchar DEFAULT NULL, "grade" integer DEFAULT NULL, "gender" boolean DEFAULT NULL, "created_at" datetime NOT NULL, "updated_at" datetime NOT NULL)[0m
  â†³ db/migrate/20191103164137_userchange.rb:4
  [1m[35m (0.1ms)[0m  [1m[32mINSERT INTO "ausers" ("id","first_name","last_name","grade","gender","created_at","updated_at")
                     SELECT "id","first_name","last_name","grade","gender","created_at","updated_at" FROM "users"[0m
  â†³ db/migrate/20191103164137_userchange.rb:4
  [1m[35m (0.1ms)[0m  [1m[35mDROP TABLE "users"[0m
  â†³ db/migrate/20191103164137_userchange.rb:4
  [1m[35m (0.2ms)[0m  [1m[35mCREATE TABLE "users" ("id" integer NOT NULL PRIMARY KEY, "first_name" varchar DEFAULT NULL, "last_name" varchar DEFAULT NULL, "grade" integer DEFAULT NULL, "gender" varchar DEFAULT NULL, "created_at" datetime NOT NULL, "updated_at" datetime NOT NULL)[0m
  â†³ db/migrate/20191103164137_userchange.rb:4
  [1m[35m (0.1ms)[0m  [1m[32mINSERT INTO "users" ("id","first_name","last_name","grade","gender","created_at","updated_at")
                     SELECT "id","first_name","last_name","grade","gender","created_at","updated_at" FROM "ausers"[0m
  â†³ db/migrate/20191103164137_userchange.rb:4
  [1m[35m (0.5ms)[0m  [1m[35mDROP TABLE "ausers"[0m
  â†³ db/migrate/20191103164137_userchange.rb:4
  [1m[36mActiveRecord::SchemaMigration Create (0.6ms)[0m  [1m[32mINSERT INTO "schema_migrations" ("version") VALUES (?)[0m  [["version", "20191103164137"]]
  â†³ vendor/bundle/ruby/2.3.0/bin/rake:23
  [1m[35m (1.8ms)[0m  [1m[36mcommit transaction[0m
  â†³ vendor/bundle/ruby/2.3.0/bin/rake:23
  [1m[36mActiveRecord::InternalMetadata Load (1.1ms)[0m  [1m[34mSELECT  "ar_internal_metadata".* FROM "ar_internal_metadata" WHERE "ar_internal_metadata"."key" = ? LIMIT ?[0m  [["key", "environment"], ["LIMIT", 1]]
  â†³ vendor/bundle/ruby/2.3.0/bin/rake:23
  [1m[35m (0.1ms)[0m  [1m[36mbegin transaction[0m
  â†³ vendor/bundle/ruby/2.3.0/bin/rake:23
  [1m[35m (0.1ms)[0m  [1m[36mcommit transaction[0m
  â†³ vendor/bundle/ruby/2.3.0/bin/rake:23
  [1m[35m (0.1ms)[0m  [1m[34mSELECT "schema_migrations"."version" FROM "schema_migrations" ORDER BY "schema_migrations"."version" ASC[0m
  â†³ vendor/bundle/ruby/2.3.0/bin/rake:23
Started GET "/users/new" for ::1 at 2019-11-04 01:44:20 +0900
  [1m[35m (0.4ms)[0m  [1m[34mSELECT "schema_migrations"."version" FROM "schema_migrations" ORDER BY "schema_migrations"."version" ASC[0m
  â†³ vendor/bundle/ruby/2.3.0/gems/activerecord-5.2.3/lib/active_record/log_subscriber.rb:98
Processing by UsersController#new as HTML
  Rendering users/new.html.erb within layouts/application
  Rendered users/_form.html.erb (7.5ms)
  Rendered users/new.html.erb within layouts/application (9.8ms)
Completed 200 OK in 104ms (Views: 47.6ms | ActiveRecord: 1.9ms)


Started GET "/users/new" for ::1 at 2019-11-04 01:45:10 +0900
Processing by UsersController#new as HTML
  Rendering users/new.html.erb within layouts/application
  Rendered users/_form.html.erb (4.4ms)
  Rendered users/new.html.erb within layouts/application (8.2ms)
Completed 500 Internal Server Error in 14ms (ActiveRecord: 0.0ms)


  
SyntaxError (/Users/sera/rails/app/views/users/_form.html.erb:28: syntax error, unexpected '=', expecting keyword_end
'.freeze;   =begin 
             ^
/Users/sera/rails/app/views/users/_form.html.erb:34: syntax error, unexpected '=', expecting keyword_end
'.freeze;   =end 
             ^
/Users/sera/rails/app/views/users/_form.html.erb:41: syntax error, unexpected keyword_ensure, expecting keyword_end
/Users/sera/rails/app/views/users/_form.html.erb:43: syntax error, unexpected end-of-input, expecting keyword_end):
  
app/views/users/_form.html.erb:28: syntax error, unexpected '=', expecting keyword_end
app/views/users/_form.html.erb:34: syntax error, unexpected '=', expecting keyword_end
app/views/users/_form.html.erb:41: syntax error, unexpected keyword_ensure, expecting keyword_end
app/views/users/_form.html.erb:43: syntax error, unexpected end-of-input, expecting keyword_end
app/views/users/new.html.erb:3:in `_app_views_users_new_html_erb___1780326998517363254_70125930679020'
Started GET "/users/new" for ::1 at 2019-11-04 01:45:40 +0900
Processing by UsersController#new as HTML
  Rendering users/new.html.erb within layouts/application
  Rendered users/_form.html.erb (4.6ms)
  Rendered users/new.html.erb within layouts/application (7.4ms)
Completed 200 OK in 43ms (Views: 40.4ms | ActiveRecord: 0.0ms)


Started GET "/users/new" for ::1 at 2019-11-04 01:47:18 +0900
Processing by UsersController#new as HTML
  Rendering users/new.html.erb within layouts/application
  Rendered users/_form.html.erb (314.6ms)
  Rendered users/new.html.erb within layouts/application (316.9ms)
Completed 500 Internal Server Error in 324ms (ActiveRecord: 0.0ms)


  
ActionView::Template::Error (undefined local variable or method `female' for #<#<Class:0x007f8eed5b6c28>:0x007f8eea6c4550>):
    33:   -->
    34:   <%= form_with(model: user, local: true) do |form| %>
    35:     <%= form.radio_button :gender, :male %>
    36:     <%= form.radio_button :gender, female %>
    37:   <% end %>
    38: 
    39:   <div class="actions">
  
app/views/users/_form.html.erb:36:in `block (2 levels) in _app_views_users__form_html_erb___1501847452304974969_70125897500120'
app/views/users/_form.html.erb:34:in `block in _app_views_users__form_html_erb___1501847452304974969_70125897500120'
app/views/users/_form.html.erb:1:in `_app_views_users__form_html_erb___1501847452304974969_70125897500120'
app/views/users/new.html.erb:3:in `_app_views_users_new_html_erb___1780326998517363254_70125897525240'
Started GET "/users/new" for ::1 at 2019-11-04 01:47:32 +0900
Processing by UsersController#new as HTML
  Rendering users/new.html.erb within layouts/application
  Rendered users/_form.html.erb (7.1ms)
  Rendered users/new.html.erb within layouts/application (10.5ms)
Completed 200 OK in 54ms (Views: 51.6ms | ActiveRecord: 0.0ms)


Started GET "/users/new" for ::1 at 2019-11-04 01:48:46 +0900
Processing by UsersController#new as HTML
  Rendering users/new.html.erb within layouts/application
  Rendered users/_form.html.erb (5.7ms)
  Rendered users/new.html.erb within layouts/application (8.6ms)
Completed 200 OK in 53ms (Views: 49.8ms | ActiveRecord: 0.0ms)


Started GET "/users/new" for ::1 at 2019-11-04 01:49:06 +0900
Processing by UsersController#new as HTML
  Rendering users/new.html.erb within layouts/application
  Rendered users/_form.html.erb (5.7ms)
  Rendered users/new.html.erb within layouts/application (8.5ms)
Completed 200 OK in 33ms (Views: 30.3ms | ActiveRecord: 0.0ms)


Started GET "/users/new" for ::1 at 2019-11-04 01:49:39 +0900
Processing by UsersController#new as HTML
  Rendering users/new.html.erb within layouts/application
  Rendered users/_form.html.erb (8.0ms)
  Rendered users/new.html.erb within layouts/application (12.0ms)
Completed 200 OK in 58ms (Views: 53.4ms | ActiveRecord: 0.0ms)


Started GET "/users" for ::1 at 2019-11-04 01:51:03 +0900
Processing by UsersController#index as HTML
  Rendering users/index.html.erb within layouts/application
  [1m[36mUser Load (0.5ms)[0m  [1m[34mSELECT "users".* FROM "users"[0m
  â†³ app/views/users/index.html.erb:17
  Rendered users/index.html.erb within layouts/application (4.4ms)
Completed 200 OK in 37ms (Views: 32.8ms | ActiveRecord: 0.5ms)


Started GET "/users/new" for ::1 at 2019-11-04 01:51:09 +0900
Processing by UsersController#new as HTML
  Rendering users/new.html.erb within layouts/application
  Rendered users/_form.html.erb (5.3ms)
  Rendered users/new.html.erb within layouts/application (8.4ms)
Completed 200 OK in 45ms (Views: 42.4ms | ActiveRecord: 0.0ms)


Started GET "/users/new" for ::1 at 2019-11-04 01:56:05 +0900
  [1m[35m (0.2ms)[0m  [1m[34mSELECT "schema_migrations"."version" FROM "schema_migrations" ORDER BY "schema_migrations"."version" ASC[0m
  â†³ vendor/bundle/ruby/2.3.0/gems/activerecord-5.2.3/lib/active_record/log_subscriber.rb:98
Processing by UsersController#new as HTML
  Rendering users/new.html.erb within layouts/application
  Rendered users/_form.html.erb (191.2ms)
  Rendered users/new.html.erb within layouts/application (196.0ms)
Completed 200 OK in 668ms (Views: 653.0ms | ActiveRecord: 0.8ms)


Started GET "/users/new" for ::1 at 2019-11-04 01:56:34 +0900
Processing by UsersController#new as HTML
  Rendering users/new.html.erb within layouts/application
  Rendered users/_form.html.erb (6.3ms)
  Rendered users/new.html.erb within layouts/application (9.0ms)
Completed 200 OK in 47ms (Views: 44.9ms | ActiveRecord: 0.0ms)


Started GET "/users/new" for ::1 at 2019-11-04 01:59:01 +0900
Processing by UsersController#new as HTML
  Rendering users/new.html.erb within layouts/application
  Rendered users/_form.html.erb (5.3ms)
  Rendered users/new.html.erb within layouts/application (7.8ms)
Completed 200 OK in 121ms (Views: 117.3ms | ActiveRecord: 0.0ms)


Started GET "/users/new" for ::1 at 2019-11-04 02:02:20 +0900
Processing by UsersController#new as HTML
  Rendering users/new.html.erb within layouts/application
  Rendered users/_form.html.erb (9.4ms)
  Rendered users/new.html.erb within layouts/application (12.2ms)
Completed 200 OK in 54ms (Views: 50.6ms | ActiveRecord: 0.0ms)


Started GET "/users/new" for ::1 at 2019-11-04 02:03:39 +0900
Processing by UsersController#new as HTML
  Rendering users/new.html.erb within layouts/application
  Rendered users/_form.html.erb (10.7ms)
  Rendered users/new.html.erb within layouts/application (16.5ms)
Completed 200 OK in 67ms (Views: 61.2ms | ActiveRecord: 0.0ms)


Started POST "/users" for ::1 at 2019-11-04 02:03:46 +0900
Processing by UsersController#create as HTML
  Parameters: {"utf8"=>"âœ“", "authenticity_token"=>"BKdznrw9uNnN+Wdc3umqbu/4Gw9tlc+w3XQdMQ9ou669RAFtqdIb0S9suIOarNBUvDpNrvb1lYjNy2c8W7twlA==", "user"=>{"first_name"=>"sera", "last_name"=>"narumoto", "grade"=>"3", "gender"=>"male"}, "commit"=>"Create User"}
  [1m[35m (0.1ms)[0m  [1m[36mbegin transaction[0m
  â†³ app/controllers/users_controller.rb:30
  [1m[36mUser Create (1.0ms)[0m  [1m[32mINSERT INTO "users" ("first_name", "last_name", "grade", "gender", "created_at", "updated_at") VALUES (?, ?, ?, ?, ?, ?)[0m  [["first_name", "sera"], ["last_name", "narumoto"], ["grade", 3], ["gender", "male"], ["created_at", "2019-11-03 17:03:46.557642"], ["updated_at", "2019-11-03 17:03:46.557642"]]
  â†³ app/controllers/users_controller.rb:30
  [1m[35m (2.0ms)[0m  [1m[36mcommit transaction[0m
  â†³ app/controllers/users_controller.rb:30
Redirected to http://localhost:3000/users/1
Completed 302 Found in 11ms (ActiveRecord: 3.1ms)


Started GET "/users/1" for ::1 at 2019-11-04 02:03:46 +0900
Processing by UsersController#show as HTML
  Parameters: {"id"=>"1"}
  [1m[36mUser Load (0.3ms)[0m  [1m[34mSELECT  "users".* FROM "users" WHERE "users"."id" = ? LIMIT ?[0m  [["id", 1], ["LIMIT", 1]]
  â†³ app/controllers/users_controller.rb:67
  Rendering users/show.html.erb within layouts/application
  Rendered users/show.html.erb within layouts/application (1.8ms)
Completed 200 OK in 47ms (Views: 36.3ms | ActiveRecord: 0.3ms)


Started GET "/users" for ::1 at 2019-11-04 02:03:49 +0900
Processing by UsersController#index as HTML
  Rendering users/index.html.erb within layouts/application
  [1m[36mUser Load (0.2ms)[0m  [1m[34mSELECT "users".* FROM "users"[0m
  â†³ app/views/users/index.html.erb:17
  Rendered users/index.html.erb within layouts/application (3.2ms)
Completed 200 OK in 43ms (Views: 38.5ms | ActiveRecord: 0.2ms)


Started DELETE "/users/1" for ::1 at 2019-11-04 02:04:10 +0900
Processing by UsersController#destroy as HTML
  Parameters: {"authenticity_token"=>"ZPNHx9Bw27yKO76VB0d0hBj/tVB5ATYZllvkS+AiUN/dEDU0xZ94tGiuYUpDAg6+Sz3j8eJhbCGG5J5GtPGb5Q==", "id"=>"1"}
  [1m[36mUser Load (0.3ms)[0m  [1m[34mSELECT  "users".* FROM "users" WHERE "users"."id" = ? LIMIT ?[0m  [["id", 1], ["LIMIT", 1]]
  â†³ app/controllers/users_controller.rb:67
  [1m[35m (0.3ms)[0m  [1m[36mbegin transaction[0m
  â†³ app/controllers/users_controller.rb:57
  [1m[36mUser Destroy (0.7ms)[0m  [1m[31mDELETE FROM "users" WHERE "users"."id" = ?[0m  [["id", 1]]
  â†³ app/controllers/users_controller.rb:57
  [1m[35m (1.9ms)[0m  [1m[36mcommit transaction[0m
  â†³ app/controllers/users_controller.rb:57
Redirected to http://localhost:3000/users
Completed 302 Found in 10ms (ActiveRecord: 3.2ms)


Started GET "/users" for ::1 at 2019-11-04 02:04:10 +0900
Processing by UsersController#index as HTML
  Rendering users/index.html.erb within layouts/application
  [1m[36mUser Load (0.2ms)[0m  [1m[34mSELECT "users".* FROM "users"[0m
  â†³ app/views/users/index.html.erb:17
  Rendered users/index.html.erb within layouts/application (3.3ms)
Completed 200 OK in 77ms (Views: 74.6ms | ActiveRecord: 0.2ms)


Started GET "/users" for ::1 at 2019-11-04 02:05:25 +0900
Processing by UsersController#index as HTML
  Rendering users/index.html.erb within layouts/application
  [1m[36mUser Load (0.2ms)[0m  [1m[34mSELECT "users".* FROM "users"[0m
  â†³ app/views/users/index.html.erb:17
  Rendered users/index.html.erb within layouts/application (2.2ms)
Completed 200 OK in 36ms (Views: 33.0ms | ActiveRecord: 0.2ms)


Started GET "/users/new" for ::1 at 2019-11-04 02:05:30 +0900
Processing by UsersController#new as HTML
  Rendering users/new.html.erb within layouts/application
  Rendered users/_form.html.erb (4.3ms)
  Rendered users/new.html.erb within layouts/application (7.9ms)
Completed 200 OK in 34ms (Views: 30.7ms | ActiveRecord: 0.0ms)


Started GET "/users/new" for ::1 at 2019-11-04 02:05:57 +0900
Processing by UsersController#new as HTML
  Rendering users/new.html.erb within layouts/application
  Rendered users/_form.html.erb (8.4ms)
  Rendered users/new.html.erb within layouts/application (13.3ms)
Completed 200 OK in 54ms (Views: 51.2ms | ActiveRecord: 0.0ms)


Started GET "/users/new" for ::1 at 2019-11-04 02:06:59 +0900
Processing by UsersController#new as HTML
  Rendering users/new.html.erb within layouts/application
  Rendered users/_form.html.erb (5.7ms)
  Rendered users/new.html.erb within layouts/application (9.3ms)
Completed 200 OK in 37ms (Views: 34.9ms | ActiveRecord: 0.0ms)


Started POST "/users" for ::1 at 2019-11-04 02:07:10 +0900
Processing by UsersController#create as HTML
  Parameters: {"utf8"=>"âœ“", "authenticity_token"=>"K0Qj9WRi+KfDtsqhKxXchitk2dbRykV1PAiQ8uvKWBqSp1EGcY1bryEjFX5vUKa8eKaPd0qqH00st+r/vxmTIA==", "user"=>{"last_name"=>"æˆæœ¬", "first_name"=>"ç€¬åµ", "grade"=>"3", "gender"=>"ç”·æ€§"}, "commit"=>"Create User"}
  [1m[35m (0.1ms)[0m  [1m[36mbegin transaction[0m
  â†³ app/controllers/users_controller.rb:30
  [1m[36mUser Create (0.6ms)[0m  [1m[32mINSERT INTO "users" ("first_name", "last_name", "grade", "gender", "created_at", "updated_at") VALUES (?, ?, ?, ?, ?, ?)[0m  [["first_name", "ç€¬åµ"], ["last_name", "æˆæœ¬"], ["grade", 3], ["gender", "ç”·æ€§"], ["created_at", "2019-11-03 17:07:10.869038"], ["updated_at", "2019-11-03 17:07:10.869038"]]
  â†³ app/controllers/users_controller.rb:30
  [1m[35m (2.1ms)[0m  [1m[36mcommit transaction[0m
  â†³ app/controllers/users_controller.rb:30
Redirected to http://localhost:3000/users/1
Completed 302 Found in 9ms (ActiveRecord: 2.8ms)


Started GET "/users/1" for ::1 at 2019-11-04 02:07:10 +0900
Processing by UsersController#show as HTML
  Parameters: {"id"=>"1"}
  [1m[36mUser Load (0.2ms)[0m  [1m[34mSELECT  "users".* FROM "users" WHERE "users"."id" = ? LIMIT ?[0m  [["id", 1], ["LIMIT", 1]]
  â†³ app/controllers/users_controller.rb:67
  Rendering users/show.html.erb within layouts/application
  Rendered users/show.html.erb within layouts/application (1.9ms)
Completed 200 OK in 36ms (Views: 31.9ms | ActiveRecord: 0.2ms)


Started GET "/users" for ::1 at 2019-11-04 02:07:13 +0900
Processing by UsersController#index as HTML
  Rendering users/index.html.erb within layouts/application
  [1m[36mUser Load (0.1ms)[0m  [1m[34mSELECT "users".* FROM "users"[0m
  â†³ app/views/users/index.html.erb:17
  Rendered users/index.html.erb within layouts/application (2.5ms)
Completed 200 OK in 33ms (Views: 28.1ms | ActiveRecord: 0.1ms)


Started GET "/users" for ::1 at 2019-11-04 02:07:40 +0900
Processing by UsersController#index as HTML
  Rendering users/index.html.erb within layouts/application
  [1m[36mUser Load (0.6ms)[0m  [1m[34mSELECT "users".* FROM "users"[0m
  â†³ app/views/users/index.html.erb:17
  Rendered users/index.html.erb within layouts/application (4.5ms)
Completed 200 OK in 74ms (Views: 70.5ms | ActiveRecord: 0.6ms)


Started GET "/users/1" for ::1 at 2019-11-04 02:07:50 +0900
Processing by UsersController#show as HTML
  Parameters: {"id"=>"1"}
  [1m[36mUser Load (0.2ms)[0m  [1m[34mSELECT  "users".* FROM "users" WHERE "users"."id" = ? LIMIT ?[0m  [["id", 1], ["LIMIT", 1]]
  â†³ app/controllers/users_controller.rb:67
  Rendering users/show.html.erb within layouts/application
  Rendered users/show.html.erb within layouts/application (1.6ms)
Completed 200 OK in 30ms (Views: 26.5ms | ActiveRecord: 0.2ms)


Started GET "/users" for ::1 at 2019-11-04 02:07:51 +0900
Processing by UsersController#index as HTML
  Rendering users/index.html.erb within layouts/application
  [1m[36mUser Load (0.2ms)[0m  [1m[34mSELECT "users".* FROM "users"[0m
  â†³ app/views/users/index.html.erb:17
  Rendered users/index.html.erb within layouts/application (3.6ms)
Completed 200 OK in 38ms (Views: 34.9ms | ActiveRecord: 0.2ms)


Started GET "/users/1" for ::1 at 2019-11-04 02:07:53 +0900
Processing by UsersController#show as HTML
  Parameters: {"id"=>"1"}
  [1m[36mUser Load (0.2ms)[0m  [1m[34mSELECT  "users".* FROM "users" WHERE "users"."id" = ? LIMIT ?[0m  [["id", 1], ["LIMIT", 1]]
  â†³ app/controllers/users_controller.rb:67
  Rendering users/show.html.erb within layouts/application
  Rendered users/show.html.erb within layouts/application (1.3ms)
Completed 200 OK in 32ms (Views: 28.5ms | ActiveRecord: 0.2ms)


Started GET "/users" for ::1 at 2019-11-04 02:07:58 +0900
Processing by UsersController#index as HTML
  Rendering users/index.html.erb within layouts/application
  [1m[36mUser Load (0.1ms)[0m  [1m[34mSELECT "users".* FROM "users"[0m
  â†³ app/views/users/index.html.erb:17
  Rendered users/index.html.erb within layouts/application (2.8ms)
Completed 200 OK in 30ms (Views: 28.0ms | ActiveRecord: 0.1ms)


